<?xml version="1.0" encoding="UTF-8"?>
<testsuite name="MatrixTest" tests="8" skipped="0" failures="0" errors="0" timestamp="2019-05-18T01:12:14" hostname="DESKTOP-I25SVAJ" time="0.008">
  <properties/>
  <testcase name="extractRowFromOneNumberMatrixTest" classname="MatrixTest" time="0.005"/>
  <testcase name="extractRowFromDiffWidthsMatrixTest" classname="MatrixTest" time="0.0"/>
  <testcase name="extractColumnFromNonSquareMatrixTest" classname="MatrixTest" time="0.001"/>
  <testcase name="extractColumnFromDiffWidthsMatrixTest" classname="MatrixTest" time="0.0"/>
  <testcase name="extractColumnMatrixTest" classname="MatrixTest" time="0.001"/>
  <testcase name="extractRowFromMatrixTest" classname="MatrixTest" time="0.0"/>
  <testcase name="extractColumnFromOneNumberMatrixTest" classname="MatrixTest" time="0.0"/>
  <testcase name="extractRowFromNonSquareMatrixTest" classname="MatrixTest" time="0.001"/>
  <system-out><![CDATA[]]></system-out>
  <system-err><![CDATA[]]></system-err>
</testsuite>
