<?xml version="1.0" encoding="UTF-8"?>
<testsuite name="TriangleTest" tests="19" skipped="0" failures="0" errors="0" timestamp="2019-05-20T17:47:32" hostname="DESKTOP-9L2FUI8" time="0.059">
  <properties/>
  <testcase name="verySmallTrianglesCanBeEquilateral" classname="TriangleTest" time="0.004"/>
  <testcase name="isoscelesTrianglesHaveLastTwoSidesEqual" classname="TriangleTest" time="0.001"/>
  <testcase name="trianglesWithOneUnequalSideAreNotEquilateral" classname="TriangleTest" time="0.001"/>
  <testcase name="scaleneTrianglesHaveNoEqualSides" classname="TriangleTest" time="0.0"/>
  <testcase name="trianglesWithNoEqualSidesAreNotEquilateral" classname="TriangleTest" time="0.001"/>
  <testcase name="isoscelesTrianglesHaveFirstAndLastSidesEqual" classname="TriangleTest" time="0.0"/>
  <testcase name="testSidesThatViolateTriangleInequalityAreNotIsoscelesEvenIfTwoAreEqual_2" classname="TriangleTest" time="0.007"/>
  <testcase name="testSidesThatViolateTriangleInequalityAreNotIsoscelesEvenIfTwoAreEqual_3" classname="TriangleTest" time="0.001"/>
  <testcase name="isoscelesTrianglesMustHaveAtLeastTwoEqualSides" classname="TriangleTest" time="0.0"/>
  <testcase name="testSidesThatViolateTriangleInequalityAreNotScaleneEvenIfTheyAreAllDifferent" classname="TriangleTest" time="0.001"/>
  <testcase name="trianglesWithAllSidesEqualAreNotScalene" classname="TriangleTest" time="0.001"/>
  <testcase name="trianglesWithOneUnequalSideAreNotScalene" classname="TriangleTest" time="0.0"/>
  <testcase name="equilateralTrianglesHaveEqualSides" classname="TriangleTest" time="0.001"/>
  <testcase name="testSidesThatViolateTriangleInequalityAreNotIsoscelesEvenIfTwoAreEqual" classname="TriangleTest" time="0.001"/>
  <testcase name="trianglesWithNoSizeAreIllegal" classname="TriangleTest" time="0.001"/>
  <testcase name="isoscelesTrianglesHaveTwoFirstSidesEqual" classname="TriangleTest" time="0.001"/>
  <testcase name="verySmallTrianglesCanBeIsosceles" classname="TriangleTest" time="0.0"/>
  <testcase name="isoscelesTrianglesCanHaveAllSidesEqual" classname="TriangleTest" time="0.0"/>
  <testcase name="verySmallTrianglesCanBeScalene" classname="TriangleTest" time="0.002"/>
  <system-out><![CDATA[]]></system-out>
  <system-err><![CDATA[]]></system-err>
</testsuite>
